<?xml version="1.0" encoding="UTF-8"?>
<testng-results skipped="0" failed="1" total="1" passed="0">
  <reporter-output>
  </reporter-output>
  <suite name="Appium Tests" duration-ms="141251" started-at="2020-07-10T16:11:11Z" finished-at="2020-07-10T16:13:32Z">
    <groups>
    </groups>
    <test name="Amazon App Test" duration-ms="141251" started-at="2020-07-10T16:11:11Z" finished-at="2020-07-10T16:13:32Z">
      <class name="runner.TestController">
        <test-method status="PASS" signature="initBrowser()[pri:0, instance:runner.TestController@3532ec19]" name="initBrowser" is-config="true" duration-ms="13650" started-at="2020-07-10T21:41:11Z" finished-at="2020-07-10T21:41:24Z">
          <reporter-output>
          </reporter-output>
        </test-method> <!-- initBrowser -->
        <test-method status="FAIL" signature="TestCaseController()[pri:0, instance:runner.TestController@3532ec19]" name="TestCaseController" duration-ms="124509" started-at="2020-07-10T21:41:25Z" finished-at="2020-07-10T21:43:29Z">
          <exception class="java.lang.reflect.InvocationTargetException">
            <full-stacktrace>
              <![CDATA[java.lang.reflect.InvocationTargetException
	at sun.reflect.NativeMethodAccessorImpl.invoke0(Native Method)
	at sun.reflect.NativeMethodAccessorImpl.invoke(NativeMethodAccessorImpl.java:62)
	at sun.reflect.DelegatingMethodAccessorImpl.invoke(DelegatingMethodAccessorImpl.java:43)
	at java.lang.reflect.Method.invoke(Method.java:498)
	at runner.TestController.TestCaseController(TestController.java:79)
	at sun.reflect.NativeMethodAccessorImpl.invoke0(Native Method)
	at sun.reflect.NativeMethodAccessorImpl.invoke(NativeMethodAccessorImpl.java:62)
	at sun.reflect.DelegatingMethodAccessorImpl.invoke(DelegatingMethodAccessorImpl.java:43)
	at java.lang.reflect.Method.invoke(Method.java:498)
	at org.testng.internal.MethodInvocationHelper.invokeMethod(MethodInvocationHelper.java:80)
	at org.testng.internal.Invoker.invokeMethod(Invoker.java:714)
	at org.testng.internal.Invoker.invokeTestMethod(Invoker.java:901)
	at org.testng.internal.Invoker.invokeTestMethods(Invoker.java:1231)
	at org.testng.internal.TestMethodWorker.invokeTestMethods(TestMethodWorker.java:127)
	at org.testng.internal.TestMethodWorker.run(TestMethodWorker.java:111)
	at org.testng.TestRunner.privateRun(TestRunner.java:767)
	at org.testng.TestRunner.run(TestRunner.java:617)
	at org.testng.SuiteRunner.runTest(SuiteRunner.java:334)
	at org.testng.SuiteRunner.runSequentially(SuiteRunner.java:329)
	at org.testng.SuiteRunner.privateRun(SuiteRunner.java:291)
	at org.testng.SuiteRunner.run(SuiteRunner.java:240)
	at org.testng.SuiteRunnerWorker.runSuite(SuiteRunnerWorker.java:52)
	at org.testng.SuiteRunnerWorker.run(SuiteRunnerWorker.java:86)
	at org.testng.TestNG.runSuitesSequentially(TestNG.java:1198)
	at org.testng.TestNG.runSuitesLocally(TestNG.java:1123)
	at org.testng.TestNG.run(TestNG.java:1031)
	at org.apache.maven.surefire.testng.TestNGExecutor.run(TestNGExecutor.java:283)
	at org.apache.maven.surefire.testng.TestNGXmlTestSuite.execute(TestNGXmlTestSuite.java:75)
	at org.apache.maven.surefire.testng.TestNGProvider.invoke(TestNGProvider.java:120)
	at org.apache.maven.surefire.booter.ForkedBooter.invokeProviderInSameClassLoader(ForkedBooter.java:383)
	at org.apache.maven.surefire.booter.ForkedBooter.runSuitesInProcess(ForkedBooter.java:344)
	at org.apache.maven.surefire.booter.ForkedBooter.execute(ForkedBooter.java:125)
	at org.apache.maven.surefire.booter.ForkedBooter.main(ForkedBooter.java:417)
Caused by: java.lang.ArrayIndexOutOfBoundsException: 1
	at keyWords.Keywords.getLocator(Keywords.java:180)
	at keyWords.Keywords.getElement(Keywords.java:170)
	at keyWords.Keywords.checkoutPage(Keywords.java:61)
	... 33 more
]]>
            </full-stacktrace>
          </exception> <!-- java.lang.reflect.InvocationTargetException -->
          <reporter-output>
          </reporter-output>
        </test-method> <!-- TestCaseController -->
        <test-method status="PASS" signature="quitBrowser()[pri:0, instance:runner.TestController@3532ec19]" name="quitBrowser" is-config="true" duration-ms="2994" started-at="2020-07-10T21:43:29Z" finished-at="2020-07-10T21:43:32Z">
          <reporter-output>
          </reporter-output>
        </test-method> <!-- quitBrowser -->
      </class> <!-- runner.TestController -->
    </test> <!-- Amazon App Test -->
  </suite> <!-- Appium Tests -->
</testng-results>
